  main.cpp
  ofApp.cpp
  audioTools.cpp
  EnvelopeGenerator.cpp
c:\users\sai\documents\of_v0.10.1_vs2017_release\of_v0.10.1_vs2017_release\libs\openframeworks\math\ofvec3f.h : warning C4819: The file contains a character that cannot be represented in the current code page (936). Save the file in Unicode format to prevent data loss (compiling source file src\main.cpp)
c:\users\sai\documents\of_v0.10.1_vs2017_release\of_v0.10.1_vs2017_release\libs\openframeworks\math\ofvec2f.h : warning C4819: The file contains a character that cannot be represented in the current code page (936). Save the file in Unicode format to prevent data loss (compiling source file src\main.cpp)
c:\users\sai\documents\of_v0.10.1_vs2017_release\of_v0.10.1_vs2017_release\libs\openframeworks\math\ofvec3f.h : warning C4819: The file contains a character that cannot be represented in the current code page (936). Save the file in Unicode format to prevent data loss (compiling source file src\ofApp.cpp)
c:\users\sai\documents\of_v0.10.1_vs2017_release\of_v0.10.1_vs2017_release\libs\openframeworks\math\ofvec2f.h : warning C4819: The file contains a character that cannot be represented in the current code page (936). Save the file in Unicode format to prevent data loss (compiling source file src\ofApp.cpp)
c:\users\sai\documents\of_v0.10.1_vs2017_release\of_v0.10.1_vs2017_release\libs\openframeworks\math\ofvec3f.h : warning C4819: The file contains a character that cannot be represented in the current code page (936). Save the file in Unicode format to prevent data loss (compiling source file src\EnvelopeGenerator.cpp)
c:\users\sai\documents\of_v0.10.1_vs2017_release\of_v0.10.1_vs2017_release\libs\openframeworks\math\ofvec2f.h : warning C4819: The file contains a character that cannot be represented in the current code page (936). Save the file in Unicode format to prevent data loss (compiling source file src\EnvelopeGenerator.cpp)
c:\users\sai\documents\of_v0.10.1_vs2017_release\of_v0.10.1_vs2017_release\libs\openframeworks\math\ofvec3f.h : warning C4819: The file contains a character that cannot be represented in the current code page (936). Save the file in Unicode format to prevent data loss (compiling source file src\audioTools.cpp)
c:\users\sai\documents\of_v0.10.1_vs2017_release\of_v0.10.1_vs2017_release\libs\openframeworks\math\ofvec2f.h : warning C4819: The file contains a character that cannot be represented in the current code page (936). Save the file in Unicode format to prevent data loss (compiling source file src\audioTools.cpp)
c:\users\sai\documents\of_v0.10.1_vs2017_release\of_v0.10.1_vs2017_release\libs\openframeworks\math\ofmatrix4x4.h(326): warning C4267: 'argument': conversion from 'size_t' to 'int', possible loss of data (compiling source file src\main.cpp)
c:\users\sai\documents\of_v0.10.1_vs2017_release\of_v0.10.1_vs2017_release\libs\openframeworks\math\ofmatrix4x4.h(331): warning C4267: 'argument': conversion from 'size_t' to 'int', possible loss of data (compiling source file src\main.cpp)
c:\users\sai\documents\of_v0.10.1_vs2017_release\of_v0.10.1_vs2017_release\libs\openframeworks\math\ofmatrix4x4.h(912): warning C4267: 'argument': conversion from 'size_t' to 'int', possible loss of data (compiling source file src\main.cpp)
c:\users\sai\documents\of_v0.10.1_vs2017_release\of_v0.10.1_vs2017_release\libs\openframeworks\math\ofmatrix4x4.h(913): warning C4267: 'argument': conversion from 'size_t' to 'int', possible loss of data (compiling source file src\main.cpp)
c:\users\sai\documents\of_v0.10.1_vs2017_release\of_v0.10.1_vs2017_release\libs\openframeworks\math\ofmatrix4x4.h(914): warning C4267: 'argument': conversion from 'size_t' to 'int', possible loss of data (compiling source file src\main.cpp)
c:\users\sai\documents\of_v0.10.1_vs2017_release\of_v0.10.1_vs2017_release\libs\openframeworks\math\ofmatrix4x4.h(915): warning C4267: 'argument': conversion from 'size_t' to 'int', possible loss of data (compiling source file src\main.cpp)
c:\users\sai\documents\of_v0.10.1_vs2017_release\of_v0.10.1_vs2017_release\libs\openframeworks\math\ofmatrix4x4.h(326): warning C4267: 'argument': conversion from 'size_t' to 'int', possible loss of data (compiling source file src\EnvelopeGenerator.cpp)
c:\users\sai\documents\of_v0.10.1_vs2017_release\of_v0.10.1_vs2017_release\libs\openframeworks\math\ofmatrix4x4.h(331): warning C4267: 'argument': conversion from 'size_t' to 'int', possible loss of data (compiling source file src\EnvelopeGenerator.cpp)
c:\users\sai\documents\of_v0.10.1_vs2017_release\of_v0.10.1_vs2017_release\libs\openframeworks\math\ofmatrix4x4.h(912): warning C4267: 'argument': conversion from 'size_t' to 'int', possible loss of data (compiling source file src\EnvelopeGenerator.cpp)
c:\users\sai\documents\of_v0.10.1_vs2017_release\of_v0.10.1_vs2017_release\libs\openframeworks\math\ofmatrix4x4.h(913): warning C4267: 'argument': conversion from 'size_t' to 'int', possible loss of data (compiling source file src\EnvelopeGenerator.cpp)
c:\users\sai\documents\of_v0.10.1_vs2017_release\of_v0.10.1_vs2017_release\libs\openframeworks\math\ofmatrix4x4.h(914): warning C4267: 'argument': conversion from 'size_t' to 'int', possible loss of data (compiling source file src\EnvelopeGenerator.cpp)
c:\users\sai\documents\of_v0.10.1_vs2017_release\of_v0.10.1_vs2017_release\libs\openframeworks\math\ofmatrix4x4.h(915): warning C4267: 'argument': conversion from 'size_t' to 'int', possible loss of data (compiling source file src\EnvelopeGenerator.cpp)
c:\users\sai\documents\of_v0.10.1_vs2017_release\of_v0.10.1_vs2017_release\libs\openframeworks\math\ofmatrix4x4.h(326): warning C4267: 'argument': conversion from 'size_t' to 'int', possible loss of data (compiling source file src\ofApp.cpp)
c:\users\sai\documents\of_v0.10.1_vs2017_release\of_v0.10.1_vs2017_release\libs\openframeworks\math\ofmatrix4x4.h(331): warning C4267: 'argument': conversion from 'size_t' to 'int', possible loss of data (compiling source file src\ofApp.cpp)
c:\users\sai\documents\of_v0.10.1_vs2017_release\of_v0.10.1_vs2017_release\libs\openframeworks\math\ofmatrix4x4.h(912): warning C4267: 'argument': conversion from 'size_t' to 'int', possible loss of data (compiling source file src\ofApp.cpp)
c:\users\sai\documents\of_v0.10.1_vs2017_release\of_v0.10.1_vs2017_release\libs\openframeworks\math\ofmatrix4x4.h(913): warning C4267: 'argument': conversion from 'size_t' to 'int', possible loss of data (compiling source file src\ofApp.cpp)
c:\users\sai\documents\of_v0.10.1_vs2017_release\of_v0.10.1_vs2017_release\libs\openframeworks\math\ofmatrix4x4.h(914): warning C4267: 'argument': conversion from 'size_t' to 'int', possible loss of data (compiling source file src\ofApp.cpp)
c:\users\sai\documents\of_v0.10.1_vs2017_release\of_v0.10.1_vs2017_release\libs\openframeworks\math\ofmatrix4x4.h(915): warning C4267: 'argument': conversion from 'size_t' to 'int', possible loss of data (compiling source file src\ofApp.cpp)
c:\users\sai\documents\of_v0.10.1_vs2017_release\of_v0.10.1_vs2017_release\libs\openframeworks\math\ofmatrix4x4.h(326): warning C4267: 'argument': conversion from 'size_t' to 'int', possible loss of data (compiling source file src\audioTools.cpp)
c:\users\sai\documents\of_v0.10.1_vs2017_release\of_v0.10.1_vs2017_release\libs\openframeworks\math\ofmatrix4x4.h(331): warning C4267: 'argument': conversion from 'size_t' to 'int', possible loss of data (compiling source file src\audioTools.cpp)
c:\users\sai\documents\of_v0.10.1_vs2017_release\of_v0.10.1_vs2017_release\libs\openframeworks\math\ofmatrix4x4.h(912): warning C4267: 'argument': conversion from 'size_t' to 'int', possible loss of data (compiling source file src\audioTools.cpp)
c:\users\sai\documents\of_v0.10.1_vs2017_release\of_v0.10.1_vs2017_release\libs\openframeworks\math\ofmatrix4x4.h(913): warning C4267: 'argument': conversion from 'size_t' to 'int', possible loss of data (compiling source file src\audioTools.cpp)
c:\users\sai\documents\of_v0.10.1_vs2017_release\of_v0.10.1_vs2017_release\libs\openframeworks\math\ofmatrix4x4.h(914): warning C4267: 'argument': conversion from 'size_t' to 'int', possible loss of data (compiling source file src\audioTools.cpp)
c:\users\sai\documents\of_v0.10.1_vs2017_release\of_v0.10.1_vs2017_release\libs\openframeworks\math\ofmatrix4x4.h(915): warning C4267: 'argument': conversion from 'size_t' to 'int', possible loss of data (compiling source file src\audioTools.cpp)
c:\users\sai\documents\of_v0.10.1_vs2017_release\of_v0.10.1_vs2017_release\apps\ccproject4_chaoyue_alex_sai\src\ofapp.cpp(37): warning C4267: 'initializing': conversion from 'size_t' to 'int', possible loss of data
c:\users\sai\documents\of_v0.10.1_vs2017_release\of_v0.10.1_vs2017_release\apps\ccproject4_chaoyue_alex_sai\src\ofapp.cpp(38): warning C4267: 'initializing': conversion from 'size_t' to 'int', possible loss of data
c:\users\sai\documents\of_v0.10.1_vs2017_release\of_v0.10.1_vs2017_release\apps\ccproject4_chaoyue_alex_sai\src\ofapp.cpp(62): warning C4267: '=': conversion from 'size_t' to 'int', possible loss of data
c:\users\sai\documents\of_v0.10.1_vs2017_release\of_v0.10.1_vs2017_release\apps\ccproject4_chaoyue_alex_sai\src\ofapp.cpp(20): warning C4996: 'ofSoundStreamSetup': Use an ofSoundStreamSettings object instead of directly passing the parameters
  c:\users\sai\documents\of_v0.10.1_vs2017_release\of_v0.10.1_vs2017_release\libs\openframeworks\sound\ofsoundstream.h(31): note: see declaration of 'ofSoundStreamSetup'
c:\users\sai\documents\of_v0.10.1_vs2017_release\of_v0.10.1_vs2017_release\apps\ccproject4_chaoyue_alex_sai\src\ofapp.cpp(91): warning C4267: 'initializing': conversion from 'size_t' to 'int', possible loss of data
c:\users\sai\documents\of_v0.10.1_vs2017_release\of_v0.10.1_vs2017_release\apps\ccproject4_chaoyue_alex_sai\src\ofapp.cpp(92): warning C4267: 'initializing': conversion from 'size_t' to 'int', possible loss of data
c:\users\sai\documents\of_v0.10.1_vs2017_release\of_v0.10.1_vs2017_release\apps\ccproject4_chaoyue_alex_sai\src\audiotools.cpp(58): warning C4715: 'oscillator::getSample': not all control paths return a value
     Creating library bin\CCProject4_Chaoyue_Alex_Sai.lib and object bin\CCProject4_Chaoyue_Alex_Sai.exp
  LINK : /LTCG specified but no code generation required; remove /LTCG from the link command line to improve linker performance
  CCProject4_Chaoyue_Alex_Sai.vcxproj -> C:\Users\Sai\Documents\of_v0.10.1_vs2017_release\of_v0.10.1_vs2017_release\apps\CCProject4_Chaoyue_Alex_Sai\bin\CCProject4_Chaoyue_Alex_Sai.exe
  
  	                   2	C:\Users\Sai\Documents\of_v0.10.1_vs2017_release\of_v0.10.1_vs2017_release\libs\fmodex\lib\vs\x64\
  	    新文件    		 1503232	C:\Users\Sai\Documents\of_v0.10.1_vs2017_release\of_v0.10.1_vs2017_release\libs\fmodex\lib\vs\x64\fmodex64.dll
  	    新文件    		 1552384	C:\Users\Sai\Documents\of_v0.10.1_vs2017_release\of_v0.10.1_vs2017_release\libs\fmodex\lib\vs\x64\fmodexL64.dll
  
  	                   1	C:\Users\Sai\Documents\of_v0.10.1_vs2017_release\of_v0.10.1_vs2017_release\libs\FreeImage\lib\vs\x64\
  	  *多余文件   		 1503232	C:\Users\Sai\Documents\of_v0.10.1_vs2017_release\of_v0.10.1_vs2017_release\apps\CCProject4_Chaoyue_Alex_Sai\bin\fmodex64.dll
  	  *多余文件   		 1552384	C:\Users\Sai\Documents\of_v0.10.1_vs2017_release\of_v0.10.1_vs2017_release\apps\CCProject4_Chaoyue_Alex_Sai\bin\fmodexL64.dll
  	    新文件    		 6942208	C:\Users\Sai\Documents\of_v0.10.1_vs2017_release\of_v0.10.1_vs2017_release\libs\FreeImage\lib\vs\x64\FreeImage.dll
